2023-08-15 10:52:30.903 [main] WARN  o.s.b.w.s.c.AnnotationConfigServletWebServerApplicationContext - Exception encountered during context initialization - cancelling refresh attempt: org.springframework.beans.factory.UnsatisfiedDependencyException: Error creating bean with name 'sysDeptServiceImpl': Unsatisfied dependency expressed through field 'baseMapper'; nested exception is org.springframework.beans.factory.BeanCreationException: Error creating bean with name 'sysDeptMapper' defined in file [D:\myGit\springcloud-study\system\target\classes\com\copysun\system\mapper\SysDeptMapper.class]: Cannot resolve reference to bean 'sqlSessionTemplate' while setting bean property 'sqlSessionTemplate'; nested exception is org.springframework.beans.factory.UnsatisfiedDependencyException: Error creating bean with name 'sqlSessionTemplate' defined in class path resource [com/baomidou/mybatisplus/autoconfigure/MybatisPlusAutoConfiguration.class]: Unsatisfied dependency expressed through method 'sqlSessionTemplate' parameter 0; nested exception is org.springframework.beans.factory.BeanCreationException: Error creating bean with name 'sqlSessionFactory' defined in class path resource [com/baomidou/mybatisplus/autoconfigure/MybatisPlusAutoConfiguration.class]: Bean instantiation via factory method failed; nested exception is org.springframework.beans.BeanInstantiationException: Failed to instantiate [org.apache.ibatis.session.SqlSessionFactory]: Factory method 'sqlSessionFactory' threw exception; nested exception is java.io.IOException: Failed to parse mapping resource: 'file [D:\myGit\springcloud-study\system\target\classes\mapper\SysDeptMapper.xml]'
2023-08-15 10:57:24.920 [main] WARN  c.b.mybatisplus.core.injector.DefaultSqlInjector - class com.copysun.system.domain.entity.SysRoleMenu ,Not found @TableId annotation, Cannot use Mybatis-Plus 'xxById' Method.
2023-08-15 10:57:26.611 [main] WARN  com.netflix.config.sources.URLConfigurationSource - No URLs will be polled as dynamic configuration sources.
2023-08-15 10:57:26.616 [main] WARN  com.netflix.config.sources.URLConfigurationSource - No URLs will be polled as dynamic configuration sources.
2023-08-15 10:57:30.484 [main] WARN  c.b.mybatisplus.core.injector.DefaultSqlInjector - class com.copysun.system.domain.entity.SysUserRole ,Not found @TableId annotation, Cannot use Mybatis-Plus 'xxById' Method.
2023-08-15 11:00:02.526 [main] WARN  c.b.mybatisplus.core.injector.DefaultSqlInjector - class com.copysun.system.domain.entity.SysRoleMenu ,Not found @TableId annotation, Cannot use Mybatis-Plus 'xxById' Method.
2023-08-15 11:00:04.035 [main] WARN  com.netflix.config.sources.URLConfigurationSource - No URLs will be polled as dynamic configuration sources.
2023-08-15 11:00:04.040 [main] WARN  com.netflix.config.sources.URLConfigurationSource - No URLs will be polled as dynamic configuration sources.
2023-08-15 11:00:07.999 [main] WARN  c.b.mybatisplus.core.injector.DefaultSqlInjector - class com.copysun.system.domain.entity.SysUserRole ,Not found @TableId annotation, Cannot use Mybatis-Plus 'xxById' Method.
2023-08-15 11:01:06.504 [main] WARN  c.b.mybatisplus.core.injector.DefaultSqlInjector - class com.copysun.system.domain.entity.SysRoleMenu ,Not found @TableId annotation, Cannot use Mybatis-Plus 'xxById' Method.
2023-08-15 11:01:08.120 [main] WARN  com.netflix.config.sources.URLConfigurationSource - No URLs will be polled as dynamic configuration sources.
2023-08-15 11:01:08.126 [main] WARN  com.netflix.config.sources.URLConfigurationSource - No URLs will be polled as dynamic configuration sources.
2023-08-15 11:01:12.848 [main] WARN  c.b.mybatisplus.core.injector.DefaultSqlInjector - class com.copysun.system.domain.entity.SysUserRole ,Not found @TableId annotation, Cannot use Mybatis-Plus 'xxById' Method.
2023-08-15 11:02:59.794 [main] WARN  c.b.mybatisplus.core.injector.DefaultSqlInjector - class com.copysun.system.domain.entity.SysRoleMenu ,Not found @TableId annotation, Cannot use Mybatis-Plus 'xxById' Method.
2023-08-15 11:03:01.786 [main] WARN  com.netflix.config.sources.URLConfigurationSource - No URLs will be polled as dynamic configuration sources.
2023-08-15 11:03:01.795 [main] WARN  com.netflix.config.sources.URLConfigurationSource - No URLs will be polled as dynamic configuration sources.
2023-08-15 11:03:07.737 [main] WARN  c.b.mybatisplus.core.injector.DefaultSqlInjector - class com.copysun.system.domain.entity.SysUserRole ,Not found @TableId annotation, Cannot use Mybatis-Plus 'xxById' Method.
2023-08-15 14:57:08.980 [com.alibaba.nacos.client.Worker.longPolling.fixed-localhost_8848-aaca1f25-6082-4df8-aa91-f02b71b19821] WARN  c.a.cloud.nacos.client.NacosPropertySourceBuilder - Ignore the empty nacos configuration and get it based on dataId[system] & group[system]
2023-08-15 14:57:08.989 [com.alibaba.nacos.client.Worker.longPolling.fixed-localhost_8848-aaca1f25-6082-4df8-aa91-f02b71b19821] WARN  c.a.cloud.nacos.client.NacosPropertySourceBuilder - Ignore the empty nacos configuration and get it based on dataId[system-dev.yaml] & group[system]
2023-08-15 15:40:11.389 [main] WARN  c.b.mybatisplus.core.injector.DefaultSqlInjector - class com.copysun.system.domain.entity.SysRoleMenu ,Not found @TableId annotation, Cannot use Mybatis-Plus 'xxById' Method.
2023-08-15 15:40:13.466 [main] WARN  com.netflix.config.sources.URLConfigurationSource - No URLs will be polled as dynamic configuration sources.
2023-08-15 15:40:13.473 [main] WARN  com.netflix.config.sources.URLConfigurationSource - No URLs will be polled as dynamic configuration sources.
2023-08-15 15:40:18.110 [main] WARN  c.b.mybatisplus.core.injector.DefaultSqlInjector - class com.copysun.system.domain.entity.SysUserRole ,Not found @TableId annotation, Cannot use Mybatis-Plus 'xxById' Method.
2023-08-15 15:49:39.686 [main] WARN  c.b.mybatisplus.core.injector.DefaultSqlInjector - class com.copysun.system.domain.entity.SysRoleMenu ,Not found @TableId annotation, Cannot use Mybatis-Plus 'xxById' Method.
2023-08-15 15:49:42.445 [main] WARN  com.netflix.config.sources.URLConfigurationSource - No URLs will be polled as dynamic configuration sources.
2023-08-15 15:49:42.451 [main] WARN  com.netflix.config.sources.URLConfigurationSource - No URLs will be polled as dynamic configuration sources.
2023-08-15 15:49:47.604 [main] WARN  c.b.mybatisplus.core.injector.DefaultSqlInjector - class com.copysun.system.domain.entity.SysUserRole ,Not found @TableId annotation, Cannot use Mybatis-Plus 'xxById' Method.
2023-08-15 16:11:08.477 [main] WARN  c.b.mybatisplus.core.injector.DefaultSqlInjector - class com.copysun.system.domain.entity.SysRoleMenu ,Not found @TableId annotation, Cannot use Mybatis-Plus 'xxById' Method.
2023-08-15 16:11:11.597 [main] WARN  com.netflix.config.sources.URLConfigurationSource - No URLs will be polled as dynamic configuration sources.
2023-08-15 16:11:11.606 [main] WARN  com.netflix.config.sources.URLConfigurationSource - No URLs will be polled as dynamic configuration sources.
2023-08-15 16:11:16.568 [main] WARN  c.b.mybatisplus.core.injector.DefaultSqlInjector - class com.copysun.system.domain.entity.SysUserRole ,Not found @TableId annotation, Cannot use Mybatis-Plus 'xxById' Method.
2023-08-15 16:15:17.287 [main] WARN  c.b.mybatisplus.core.injector.DefaultSqlInjector - class com.copysun.system.domain.entity.SysRoleMenu ,Not found @TableId annotation, Cannot use Mybatis-Plus 'xxById' Method.
2023-08-15 16:15:19.418 [main] WARN  com.netflix.config.sources.URLConfigurationSource - No URLs will be polled as dynamic configuration sources.
2023-08-15 16:15:19.425 [main] WARN  com.netflix.config.sources.URLConfigurationSource - No URLs will be polled as dynamic configuration sources.
2023-08-15 16:15:25.255 [main] WARN  c.b.mybatisplus.core.injector.DefaultSqlInjector - class com.copysun.system.domain.entity.SysUserRole ,Not found @TableId annotation, Cannot use Mybatis-Plus 'xxById' Method.
2023-08-15 16:16:59.893 [main] WARN  c.b.mybatisplus.core.injector.DefaultSqlInjector - class com.copysun.system.domain.entity.SysRoleMenu ,Not found @TableId annotation, Cannot use Mybatis-Plus 'xxById' Method.
2023-08-15 16:17:01.906 [main] WARN  com.netflix.config.sources.URLConfigurationSource - No URLs will be polled as dynamic configuration sources.
2023-08-15 16:17:01.913 [main] WARN  com.netflix.config.sources.URLConfigurationSource - No URLs will be polled as dynamic configuration sources.
2023-08-15 16:17:06.633 [main] WARN  c.b.mybatisplus.core.injector.DefaultSqlInjector - class com.copysun.system.domain.entity.SysUserRole ,Not found @TableId annotation, Cannot use Mybatis-Plus 'xxById' Method.
2023-08-15 16:19:58.248 [main] WARN  c.b.mybatisplus.core.injector.DefaultSqlInjector - class com.copysun.system.domain.entity.SysRoleMenu ,Not found @TableId annotation, Cannot use Mybatis-Plus 'xxById' Method.
2023-08-15 16:20:00.839 [main] WARN  com.netflix.config.sources.URLConfigurationSource - No URLs will be polled as dynamic configuration sources.
2023-08-15 16:20:00.849 [main] WARN  com.netflix.config.sources.URLConfigurationSource - No URLs will be polled as dynamic configuration sources.
2023-08-15 16:20:06.864 [main] WARN  c.b.mybatisplus.core.injector.DefaultSqlInjector - class com.copysun.system.domain.entity.SysUserRole ,Not found @TableId annotation, Cannot use Mybatis-Plus 'xxById' Method.
2023-08-15 16:23:43.649 [main] WARN  c.b.mybatisplus.core.injector.DefaultSqlInjector - class com.copysun.system.domain.entity.SysRoleMenu ,Not found @TableId annotation, Cannot use Mybatis-Plus 'xxById' Method.
2023-08-15 16:23:45.745 [main] WARN  com.netflix.config.sources.URLConfigurationSource - No URLs will be polled as dynamic configuration sources.
2023-08-15 16:23:45.750 [main] WARN  com.netflix.config.sources.URLConfigurationSource - No URLs will be polled as dynamic configuration sources.
2023-08-15 16:23:50.270 [main] WARN  c.b.mybatisplus.core.injector.DefaultSqlInjector - class com.copysun.system.domain.entity.SysUserRole ,Not found @TableId annotation, Cannot use Mybatis-Plus 'xxById' Method.
2023-08-15 16:26:05.296 [main] WARN  c.b.mybatisplus.core.injector.DefaultSqlInjector - class com.copysun.system.domain.entity.SysRoleMenu ,Not found @TableId annotation, Cannot use Mybatis-Plus 'xxById' Method.
2023-08-15 16:26:07.536 [main] WARN  com.netflix.config.sources.URLConfigurationSource - No URLs will be polled as dynamic configuration sources.
2023-08-15 16:26:07.541 [main] WARN  com.netflix.config.sources.URLConfigurationSource - No URLs will be polled as dynamic configuration sources.
2023-08-15 16:26:13.159 [main] WARN  c.b.mybatisplus.core.injector.DefaultSqlInjector - class com.copysun.system.domain.entity.SysUserRole ,Not found @TableId annotation, Cannot use Mybatis-Plus 'xxById' Method.
2023-08-15 16:33:05.301 [main] WARN  c.b.mybatisplus.core.injector.DefaultSqlInjector - class com.copysun.system.domain.entity.SysRoleMenu ,Not found @TableId annotation, Cannot use Mybatis-Plus 'xxById' Method.
2023-08-15 16:33:07.543 [main] WARN  com.netflix.config.sources.URLConfigurationSource - No URLs will be polled as dynamic configuration sources.
2023-08-15 16:33:07.549 [main] WARN  com.netflix.config.sources.URLConfigurationSource - No URLs will be polled as dynamic configuration sources.
2023-08-15 16:33:12.377 [main] WARN  c.b.mybatisplus.core.injector.DefaultSqlInjector - class com.copysun.system.domain.entity.SysUserRole ,Not found @TableId annotation, Cannot use Mybatis-Plus 'xxById' Method.
2023-08-15 16:42:12.526 [main] WARN  c.b.mybatisplus.core.injector.DefaultSqlInjector - class com.copysun.system.domain.entity.SysRoleMenu ,Not found @TableId annotation, Cannot use Mybatis-Plus 'xxById' Method.
2023-08-15 16:42:14.668 [main] WARN  com.netflix.config.sources.URLConfigurationSource - No URLs will be polled as dynamic configuration sources.
2023-08-15 16:42:14.676 [main] WARN  com.netflix.config.sources.URLConfigurationSource - No URLs will be polled as dynamic configuration sources.
2023-08-15 16:42:19.822 [main] WARN  c.b.mybatisplus.core.injector.DefaultSqlInjector - class com.copysun.system.domain.entity.SysUserRole ,Not found @TableId annotation, Cannot use Mybatis-Plus 'xxById' Method.
2023-08-15 16:50:25.491 [main] WARN  c.b.mybatisplus.core.injector.DefaultSqlInjector - class com.copysun.system.domain.entity.SysRoleMenu ,Not found @TableId annotation, Cannot use Mybatis-Plus 'xxById' Method.
2023-08-15 16:50:27.546 [main] WARN  com.netflix.config.sources.URLConfigurationSource - No URLs will be polled as dynamic configuration sources.
2023-08-15 16:50:27.555 [main] WARN  com.netflix.config.sources.URLConfigurationSource - No URLs will be polled as dynamic configuration sources.
2023-08-15 16:50:32.487 [main] WARN  c.b.mybatisplus.core.injector.DefaultSqlInjector - class com.copysun.system.domain.entity.SysUserRole ,Not found @TableId annotation, Cannot use Mybatis-Plus 'xxById' Method.
2023-08-15 16:56:28.930 [main] WARN  c.b.mybatisplus.core.injector.DefaultSqlInjector - class com.copysun.system.domain.entity.SysRoleMenu ,Not found @TableId annotation, Cannot use Mybatis-Plus 'xxById' Method.
2023-08-15 16:56:31.091 [main] WARN  com.netflix.config.sources.URLConfigurationSource - No URLs will be polled as dynamic configuration sources.
2023-08-15 16:56:31.097 [main] WARN  com.netflix.config.sources.URLConfigurationSource - No URLs will be polled as dynamic configuration sources.
2023-08-15 16:56:36.005 [main] WARN  c.b.mybatisplus.core.injector.DefaultSqlInjector - class com.copysun.system.domain.entity.SysUserRole ,Not found @TableId annotation, Cannot use Mybatis-Plus 'xxById' Method.
